<?xml version="1.0" encoding="UTF-8"?>
<!-- Generated by org.testng.reporters.JUnitReportReporter -->
<testsuite skipped="0" hostname="LAP0002410" name="test1.test1.Import" tests="3" failures="0" timestamp="14 Dec 2017 12:21:09 GMT" time="134.540" errors="0">
  <testcase name="addVendorWithRoomOnly" time="43.900" classname="test1.test1.Import"/>
  <testcase name="addEntirePropVendor" time="43.219" classname="test1.test1.Import"/>
  <testcase name="addEntirePropRoomVendor" time="47.421" classname="test1.test1.Import"/>
</testsuite> <!-- test1.test1.Import -->
